12:19:43 **** Build of configuration Release for project BOTLib ****
make all 
Building target: BOTLib
Printing size:
"/Users/juliosugaya/Arduino 1.6.app/Contents/Java/hardware/tools/avr/bin/avr-size" -A "/Users/juliosugaya/_projects_ccp/BOTLib/Release/BOTLib.elf"
/Users/juliosugaya/_projects_ccp/BOTLib/Release/BOTLib.elf  :
section            size      addr
.data                74   8388864
.text              4152         0
.bss                318   8388938
.comment             17         0
.debug_aranges     2008         0
.debug_info       71885         0
.debug_abbrev     10842         0
.debug_line       13010         0
.debug_frame       6472         0
.debug_str         9997         0
.debug_loc        38325         0
.debug_ranges      2224         0
Total            159324


Finished building target: BOTLib
 

12:19:43 Build Finished (took 547ms)

