21:51:04 **** Incremental Build of configuration Release for project BOTLib ****
make all 
Building file: ../BOTLib.cpp
Starting C++ compile
"/Users/juliosugaya/Arduino 1.6.app/Contents/Java/hardware/tools/avr/bin/avr-g++" -c -g -Os -fno-exceptions -ffunction-sections -fdata-sections -MMD -mmcu=atmega328p -DF_CPU=16000000L -DARDUINO=10605 -DARDUINO_AVR_NANO -DARDUINO_ARCH_AVR     -I"/Users/juliosugaya/Arduino 1.6.app/Contents/Java/hardware/arduino/avr/cores/arduino" -I"/Users/juliosugaya/Arduino 1.6.app/Contents/Java/hardware/arduino/avr/variants/eightanaloginputs" -I"/Users/juliosugaya/Arduino 1.6.app/Contents/Java/hardware/arduino/avr/libraries/SoftwareSerial" -MMD -MP -MF"BOTLib.cpp.d" -MT"BOTLib.cpp.o" -D__IN_ECLIPSE__=1 -x c++ "../BOTLib.cpp"  -o  "BOTLib.cpp.o"   -Wall
Finished building: ../BOTLib.cpp
 
Building file: ../BlueTooth.cpp
Starting C++ compile
"/Users/juliosugaya/Arduino 1.6.app/Contents/Java/hardware/tools/avr/bin/avr-g++" -c -g -Os -fno-exceptions -ffunction-sections -fdata-sections -MMD -mmcu=atmega328p -DF_CPU=16000000L -DARDUINO=10605 -DARDUINO_AVR_NANO -DARDUINO_ARCH_AVR     -I"/Users/juliosugaya/Arduino 1.6.app/Contents/Java/hardware/arduino/avr/cores/arduino" -I"/Users/juliosugaya/Arduino 1.6.app/Contents/Java/hardware/arduino/avr/variants/eightanaloginputs" -I"/Users/juliosugaya/Arduino 1.6.app/Contents/Java/hardware/arduino/avr/libraries/SoftwareSerial" -MMD -MP -MF"BlueTooth.cpp.d" -MT"BlueTooth.cpp.o" -D__IN_ECLIPSE__=1 -x c++ "../BlueTooth.cpp"  -o  "BlueTooth.cpp.o"   -Wall
../BlueTooth.cpp: In member function 'long unsigned int BlueTooth::findBaud()':
../BlueTooth.cpp:22:15: warning: unused variable 'bt_rx' [-Wunused-variable]
     const int bt_rx = 4;
               ^
../BlueTooth.cpp:23:15: warning: unused variable 'bt_tx' [-Wunused-variable]
     const int bt_tx = 5;
               ^
../BlueTooth.cpp:25:9: warning: unused variable 'response' [-Wunused-variable]
     int response = false;
         ^
../BlueTooth.cpp: In member function 'void BlueTooth::setBaud(long unsigned int, long unsigned int, long unsigned int)':
../BlueTooth.cpp:45:9: warning: variable 'recvd' set but not used [-Wunused-but-set-variable]
     int recvd = 0;
         ^
../BlueTooth.cpp: In member function 'virtual int BlueTooth::available()':
../BlueTooth.cpp:76:1: warning: no return statement in function returning non-void [-Wreturn-type]
 }
 ^
../BlueTooth.cpp: In member function 'virtual int BlueTooth::peek()':
../BlueTooth.cpp:81:1: warning: no return statement in function returning non-void [-Wreturn-type]
 }
 ^
../BlueTooth.cpp: In member function 'virtual int BlueTooth::read()':
../BlueTooth.cpp:91:1: warning: no return statement in function returning non-void [-Wreturn-type]
 }
 ^
../BlueTooth.cpp: In member function 'virtual size_t BlueTooth::write(uint8_t)':
../BlueTooth.cpp:102:1: warning: no return statement in function returning non-void [-Wreturn-type]
 }
 ^
Finished building: ../BlueTooth.cpp
 
Building file: ../Button.cpp
Starting C++ compile
"/Users/juliosugaya/Arduino 1.6.app/Contents/Java/hardware/tools/avr/bin/avr-g++" -c -g -Os -fno-exceptions -ffunction-sections -fdata-sections -MMD -mmcu=atmega328p -DF_CPU=16000000L -DARDUINO=10605 -DARDUINO_AVR_NANO -DARDUINO_ARCH_AVR     -I"/Users/juliosugaya/Arduino 1.6.app/Contents/Java/hardware/arduino/avr/cores/arduino" -I"/Users/juliosugaya/Arduino 1.6.app/Contents/Java/hardware/arduino/avr/variants/eightanaloginputs" -I"/Users/juliosugaya/Arduino 1.6.app/Contents/Java/hardware/arduino/avr/libraries/SoftwareSerial" -MMD -MP -MF"Button.cpp.d" -MT"Button.cpp.o" -D__IN_ECLIPSE__=1 -x c++ "../Button.cpp"  -o  "Button.cpp.o"   -Wall
Finished building: ../Button.cpp
 
Building file: ../Debug.cpp
Starting C++ compile
"/Users/juliosugaya/Arduino 1.6.app/Contents/Java/hardware/tools/avr/bin/avr-g++" -c -g -Os -fno-exceptions -ffunction-sections -fdata-sections -MMD -mmcu=atmega328p -DF_CPU=16000000L -DARDUINO=10605 -DARDUINO_AVR_NANO -DARDUINO_ARCH_AVR     -I"/Users/juliosugaya/Arduino 1.6.app/Contents/Java/hardware/arduino/avr/cores/arduino" -I"/Users/juliosugaya/Arduino 1.6.app/Contents/Java/hardware/arduino/avr/variants/eightanaloginputs" -I"/Users/juliosugaya/Arduino 1.6.app/Contents/Java/hardware/arduino/avr/libraries/SoftwareSerial" -MMD -MP -MF"Debug.cpp.d" -MT"Debug.cpp.o" -D__IN_ECLIPSE__=1 -x c++ "../Debug.cpp"  -o  "Debug.cpp.o"   -Wall
Finished building: ../Debug.cpp
 
Building file: ../LED.cpp
Starting C++ compile
"/Users/juliosugaya/Arduino 1.6.app/Contents/Java/hardware/tools/avr/bin/avr-g++" -c -g -Os -fno-exceptions -ffunction-sections -fdata-sections -MMD -mmcu=atmega328p -DF_CPU=16000000L -DARDUINO=10605 -DARDUINO_AVR_NANO -DARDUINO_ARCH_AVR     -I"/Users/juliosugaya/Arduino 1.6.app/Contents/Java/hardware/arduino/avr/cores/arduino" -I"/Users/juliosugaya/Arduino 1.6.app/Contents/Java/hardware/arduino/avr/variants/eightanaloginputs" -I"/Users/juliosugaya/Arduino 1.6.app/Contents/Java/hardware/arduino/avr/libraries/SoftwareSerial" -MMD -MP -MF"LED.cpp.d" -MT"LED.cpp.o" -D__IN_ECLIPSE__=1 -x c++ "../LED.cpp"  -o  "LED.cpp.o"   -Wall
Finished building: ../LED.cpp
 
Building file: ../Motor.cpp
Starting C++ compile
"/Users/juliosugaya/Arduino 1.6.app/Contents/Java/hardware/tools/avr/bin/avr-g++" -c -g -Os -fno-exceptions -ffunction-sections -fdata-sections -MMD -mmcu=atmega328p -DF_CPU=16000000L -DARDUINO=10605 -DARDUINO_AVR_NANO -DARDUINO_ARCH_AVR     -I"/Users/juliosugaya/Arduino 1.6.app/Contents/Java/hardware/arduino/avr/cores/arduino" -I"/Users/juliosugaya/Arduino 1.6.app/Contents/Java/hardware/arduino/avr/variants/eightanaloginputs" -I"/Users/juliosugaya/Arduino 1.6.app/Contents/Java/hardware/arduino/avr/libraries/SoftwareSerial" -MMD -MP -MF"Motor.cpp.d" -MT"Motor.cpp.o" -D__IN_ECLIPSE__=1 -x c++ "../Motor.cpp"  -o  "Motor.cpp.o"   -Wall
Finished building: ../Motor.cpp
 
Building file: /Users/juliosugaya/Arduino 1.6.app/Contents/Java/hardware/arduino/avr/libraries/SoftwareSerial/SoftwareSerial.cpp
Starting C++ compile
"/Users/juliosugaya/Arduino 1.6.app/Contents/Java/hardware/tools/avr/bin/avr-g++" -c -g -Os -fno-exceptions -ffunction-sections -fdata-sections -MMD -mmcu=atmega328p -DF_CPU=16000000L -DARDUINO=10605 -DARDUINO_AVR_NANO -DARDUINO_ARCH_AVR     -I"/Users/juliosugaya/Arduino 1.6.app/Contents/Java/hardware/arduino/avr/cores/arduino" -I"/Users/juliosugaya/Arduino 1.6.app/Contents/Java/hardware/arduino/avr/variants/eightanaloginputs" -I"/Users/juliosugaya/Arduino 1.6.app/Contents/Java/hardware/arduino/avr/libraries/SoftwareSerial" -MMD -MP -MF"Libraries/SoftwareSerial/SoftwareSerial.cpp.d" -MT"Libraries/SoftwareSerial/SoftwareSerial.cpp.o" -D__IN_ECLIPSE__=1 -x c++ "/Users/juliosugaya/Arduino 1.6.app/Contents/Java/hardware/arduino/avr/libraries/SoftwareSerial/SoftwareSerial.cpp"  -o  "Libraries/SoftwareSerial/SoftwareSerial.cpp.o"   -Wall
/Users/juliosugaya/Arduino 1.6.app/Contents/Java/hardware/arduino/avr/libraries/SoftwareSerial/SoftwareSerial.cpp:375:6: warning: always_inline function might not be inlinable [-Wattributes]
 void SoftwareSerial::setRxIntMsk(bool enable)
      ^
/Users/juliosugaya/Arduino 1.6.app/Contents/Java/hardware/arduino/avr/libraries/SoftwareSerial/SoftwareSerial.cpp:121:6: warning: always_inline function might not be inlinable [-Wattributes]
 void SoftwareSerial::recv()
      ^
Finished building: /Users/juliosugaya/Arduino 1.6.app/Contents/Java/hardware/arduino/avr/libraries/SoftwareSerial/SoftwareSerial.cpp
 
Building file: /Users/juliosugaya/Arduino 1.6.app/Contents/Java/hardware/arduino/avr/cores/arduino/CDC.cpp
Starting C++ compile
"/Users/juliosugaya/Arduino 1.6.app/Contents/Java/hardware/tools/avr/bin/avr-g++" -c -g -Os -fno-exceptions -ffunction-sections -fdata-sections -MMD -mmcu=atmega328p -DF_CPU=16000000L -DARDUINO=10605 -DARDUINO_AVR_NANO -DARDUINO_ARCH_AVR     -I"/Users/juliosugaya/Arduino 1.6.app/Contents/Java/hardware/arduino/avr/cores/arduino" -I"/Users/juliosugaya/Arduino 1.6.app/Contents/Java/hardware/arduino/avr/variants/eightanaloginputs" -I"/Users/juliosugaya/Arduino 1.6.app/Contents/Java/hardware/arduino/avr/libraries/SoftwareSerial" -MMD -MP -MF"arduino/CDC.cpp.d" -MT"arduino/CDC.cpp.o" -D__IN_ECLIPSE__=1 -x c++ "/Users/juliosugaya/Arduino 1.6.app/Contents/Java/hardware/arduino/avr/cores/arduino/CDC.cpp"  -o  "arduino/CDC.cpp.o"   -Wall
Finished building: /Users/juliosugaya/Arduino 1.6.app/Contents/Java/hardware/arduino/avr/cores/arduino/CDC.cpp
 
Building file: /Users/juliosugaya/Arduino 1.6.app/Contents/Java/hardware/arduino/avr/cores/arduino/HID.cpp
Starting C++ compile
"/Users/juliosugaya/Arduino 1.6.app/Contents/Java/hardware/tools/avr/bin/avr-g++" -c -g -Os -fno-exceptions -ffunction-sections -fdata-sections -MMD -mmcu=atmega328p -DF_CPU=16000000L -DARDUINO=10605 -DARDUINO_AVR_NANO -DARDUINO_ARCH_AVR     -I"/Users/juliosugaya/Arduino 1.6.app/Contents/Java/hardware/arduino/avr/cores/arduino" -I"/Users/juliosugaya/Arduino 1.6.app/Contents/Java/hardware/arduino/avr/variants/eightanaloginputs" -I"/Users/juliosugaya/Arduino 1.6.app/Contents/Java/hardware/arduino/avr/libraries/SoftwareSerial" -MMD -MP -MF"arduino/HID.cpp.d" -MT"arduino/HID.cpp.o" -D__IN_ECLIPSE__=1 -x c++ "/Users/juliosugaya/Arduino 1.6.app/Contents/Java/hardware/arduino/avr/cores/arduino/HID.cpp"  -o  "arduino/HID.cpp.o"   -Wall
Finished building: /Users/juliosugaya/Arduino 1.6.app/Contents/Java/hardware/arduino/avr/cores/arduino/HID.cpp
 
Building file: /Users/juliosugaya/Arduino 1.6.app/Contents/Java/hardware/arduino/avr/cores/arduino/HardwareSerial.cpp
Starting C++ compile
"/Users/juliosugaya/Arduino 1.6.app/Contents/Java/hardware/tools/avr/bin/avr-g++" -c -g -Os -fno-exceptions -ffunction-sections -fdata-sections -MMD -mmcu=atmega328p -DF_CPU=16000000L -DARDUINO=10605 -DARDUINO_AVR_NANO -DARDUINO_ARCH_AVR     -I"/Users/juliosugaya/Arduino 1.6.app/Contents/Java/hardware/arduino/avr/cores/arduino" -I"/Users/juliosugaya/Arduino 1.6.app/Contents/Java/hardware/arduino/avr/variants/eightanaloginputs" -I"/Users/juliosugaya/Arduino 1.6.app/Contents/Java/hardware/arduino/avr/libraries/SoftwareSerial" -MMD -MP -MF"arduino/HardwareSerial.cpp.d" -MT"arduino/HardwareSerial.cpp.o" -D__IN_ECLIPSE__=1 -x c++ "/Users/juliosugaya/Arduino 1.6.app/Contents/Java/hardware/arduino/avr/cores/arduino/HardwareSerial.cpp"  -o  "arduino/HardwareSerial.cpp.o"   -Wall
Finished building: /Users/juliosugaya/Arduino 1.6.app/Contents/Java/hardware/arduino/avr/cores/arduino/HardwareSerial.cpp
 
Building file: /Users/juliosugaya/Arduino 1.6.app/Contents/Java/hardware/arduino/avr/cores/arduino/HardwareSerial0.cpp
Starting C++ compile
"/Users/juliosugaya/Arduino 1.6.app/Contents/Java/hardware/tools/avr/bin/avr-g++" -c -g -Os -fno-exceptions -ffunction-sections -fdata-sections -MMD -mmcu=atmega328p -DF_CPU=16000000L -DARDUINO=10605 -DARDUINO_AVR_NANO -DARDUINO_ARCH_AVR     -I"/Users/juliosugaya/Arduino 1.6.app/Contents/Java/hardware/arduino/avr/cores/arduino" -I"/Users/juliosugaya/Arduino 1.6.app/Contents/Java/hardware/arduino/avr/variants/eightanaloginputs" -I"/Users/juliosugaya/Arduino 1.6.app/Contents/Java/hardware/arduino/avr/libraries/SoftwareSerial" -MMD -MP -MF"arduino/HardwareSerial0.cpp.d" -MT"arduino/HardwareSerial0.cpp.o" -D__IN_ECLIPSE__=1 -x c++ "/Users/juliosugaya/Arduino 1.6.app/Contents/Java/hardware/arduino/avr/cores/arduino/HardwareSerial0.cpp"  -o  "arduino/HardwareSerial0.cpp.o"   -Wall
Finished building: /Users/juliosugaya/Arduino 1.6.app/Contents/Java/hardware/arduino/avr/cores/arduino/HardwareSerial0.cpp
 
Building file: /Users/juliosugaya/Arduino 1.6.app/Contents/Java/hardware/arduino/avr/cores/arduino/HardwareSerial1.cpp
Starting C++ compile
"/Users/juliosugaya/Arduino 1.6.app/Contents/Java/hardware/tools/avr/bin/avr-g++" -c -g -Os -fno-exceptions -ffunction-sections -fdata-sections -MMD -mmcu=atmega328p -DF_CPU=16000000L -DARDUINO=10605 -DARDUINO_AVR_NANO -DARDUINO_ARCH_AVR     -I"/Users/juliosugaya/Arduino 1.6.app/Contents/Java/hardware/arduino/avr/cores/arduino" -I"/Users/juliosugaya/Arduino 1.6.app/Contents/Java/hardware/arduino/avr/variants/eightanaloginputs" -I"/Users/juliosugaya/Arduino 1.6.app/Contents/Java/hardware/arduino/avr/libraries/SoftwareSerial" -MMD -MP -MF"arduino/HardwareSerial1.cpp.d" -MT"arduino/HardwareSerial1.cpp.o" -D__IN_ECLIPSE__=1 -x c++ "/Users/juliosugaya/Arduino 1.6.app/Contents/Java/hardware/arduino/avr/cores/arduino/HardwareSerial1.cpp"  -o  "arduino/HardwareSerial1.cpp.o"   -Wall
Finished building: /Users/juliosugaya/Arduino 1.6.app/Contents/Java/hardware/arduino/avr/cores/arduino/HardwareSerial1.cpp
 
Building file: /Users/juliosugaya/Arduino 1.6.app/Contents/Java/hardware/arduino/avr/cores/arduino/HardwareSerial2.cpp
Starting C++ compile
"/Users/juliosugaya/Arduino 1.6.app/Contents/Java/hardware/tools/avr/bin/avr-g++" -c -g -Os -fno-exceptions -ffunction-sections -fdata-sections -MMD -mmcu=atmega328p -DF_CPU=16000000L -DARDUINO=10605 -DARDUINO_AVR_NANO -DARDUINO_ARCH_AVR     -I"/Users/juliosugaya/Arduino 1.6.app/Contents/Java/hardware/arduino/avr/cores/arduino" -I"/Users/juliosugaya/Arduino 1.6.app/Contents/Java/hardware/arduino/avr/variants/eightanaloginputs" -I"/Users/juliosugaya/Arduino 1.6.app/Contents/Java/hardware/arduino/avr/libraries/SoftwareSerial" -MMD -MP -MF"arduino/HardwareSerial2.cpp.d" -MT"arduino/HardwareSerial2.cpp.o" -D__IN_ECLIPSE__=1 -x c++ "/Users/juliosugaya/Arduino 1.6.app/Contents/Java/hardware/arduino/avr/cores/arduino/HardwareSerial2.cpp"  -o  "arduino/HardwareSerial2.cpp.o"   -Wall
Finished building: /Users/juliosugaya/Arduino 1.6.app/Contents/Java/hardware/arduino/avr/cores/arduino/HardwareSerial2.cpp
 
Building file: /Users/juliosugaya/Arduino 1.6.app/Contents/Java/hardware/arduino/avr/cores/arduino/HardwareSerial3.cpp
Starting C++ compile
"/Users/juliosugaya/Arduino 1.6.app/Contents/Java/hardware/tools/avr/bin/avr-g++" -c -g -Os -fno-exceptions -ffunction-sections -fdata-sections -MMD -mmcu=atmega328p -DF_CPU=16000000L -DARDUINO=10605 -DARDUINO_AVR_NANO -DARDUINO_ARCH_AVR     -I"/Users/juliosugaya/Arduino 1.6.app/Contents/Java/hardware/arduino/avr/cores/arduino" -I"/Users/juliosugaya/Arduino 1.6.app/Contents/Java/hardware/arduino/avr/variants/eightanaloginputs" -I"/Users/juliosugaya/Arduino 1.6.app/Contents/Java/hardware/arduino/avr/libraries/SoftwareSerial" -MMD -MP -MF"arduino/HardwareSerial3.cpp.d" -MT"arduino/HardwareSerial3.cpp.o" -D__IN_ECLIPSE__=1 -x c++ "/Users/juliosugaya/Arduino 1.6.app/Contents/Java/hardware/arduino/avr/cores/arduino/HardwareSerial3.cpp"  -o  "arduino/HardwareSerial3.cpp.o"   -Wall
Finished building: /Users/juliosugaya/Arduino 1.6.app/Contents/Java/hardware/arduino/avr/cores/arduino/HardwareSerial3.cpp
 
Building file: /Users/juliosugaya/Arduino 1.6.app/Contents/Java/hardware/arduino/avr/cores/arduino/IPAddress.cpp
Starting C++ compile
"/Users/juliosugaya/Arduino 1.6.app/Contents/Java/hardware/tools/avr/bin/avr-g++" -c -g -Os -fno-exceptions -ffunction-sections -fdata-sections -MMD -mmcu=atmega328p -DF_CPU=16000000L -DARDUINO=10605 -DARDUINO_AVR_NANO -DARDUINO_ARCH_AVR     -I"/Users/juliosugaya/Arduino 1.6.app/Contents/Java/hardware/arduino/avr/cores/arduino" -I"/Users/juliosugaya/Arduino 1.6.app/Contents/Java/hardware/arduino/avr/variants/eightanaloginputs" -I"/Users/juliosugaya/Arduino 1.6.app/Contents/Java/hardware/arduino/avr/libraries/SoftwareSerial" -MMD -MP -MF"arduino/IPAddress.cpp.d" -MT"arduino/IPAddress.cpp.o" -D__IN_ECLIPSE__=1 -x c++ "/Users/juliosugaya/Arduino 1.6.app/Contents/Java/hardware/arduino/avr/cores/arduino/IPAddress.cpp"  -o  "arduino/IPAddress.cpp.o"   -Wall
Finished building: /Users/juliosugaya/Arduino 1.6.app/Contents/Java/hardware/arduino/avr/cores/arduino/IPAddress.cpp
 
Building file: /Users/juliosugaya/Arduino 1.6.app/Contents/Java/hardware/arduino/avr/cores/arduino/Print.cpp
Starting C++ compile
"/Users/juliosugaya/Arduino 1.6.app/Contents/Java/hardware/tools/avr/bin/avr-g++" -c -g -Os -fno-exceptions -ffunction-sections -fdata-sections -MMD -mmcu=atmega328p -DF_CPU=16000000L -DARDUINO=10605 -DARDUINO_AVR_NANO -DARDUINO_ARCH_AVR     -I"/Users/juliosugaya/Arduino 1.6.app/Contents/Java/hardware/arduino/avr/cores/arduino" -I"/Users/juliosugaya/Arduino 1.6.app/Contents/Java/hardware/arduino/avr/variants/eightanaloginputs" -I"/Users/juliosugaya/Arduino 1.6.app/Contents/Java/hardware/arduino/avr/libraries/SoftwareSerial" -MMD -MP -MF"arduino/Print.cpp.d" -MT"arduino/Print.cpp.o" -D__IN_ECLIPSE__=1 -x c++ "/Users/juliosugaya/Arduino 1.6.app/Contents/Java/hardware/arduino/avr/cores/arduino/Print.cpp"  -o  "arduino/Print.cpp.o"   -Wall
Finished building: /Users/juliosugaya/Arduino 1.6.app/Contents/Java/hardware/arduino/avr/cores/arduino/Print.cpp
 
Building file: /Users/juliosugaya/Arduino 1.6.app/Contents/Java/hardware/arduino/avr/cores/arduino/Stream.cpp
Starting C++ compile
"/Users/juliosugaya/Arduino 1.6.app/Contents/Java/hardware/tools/avr/bin/avr-g++" -c -g -Os -fno-exceptions -ffunction-sections -fdata-sections -MMD -mmcu=atmega328p -DF_CPU=16000000L -DARDUINO=10605 -DARDUINO_AVR_NANO -DARDUINO_ARCH_AVR     -I"/Users/juliosugaya/Arduino 1.6.app/Contents/Java/hardware/arduino/avr/cores/arduino" -I"/Users/juliosugaya/Arduino 1.6.app/Contents/Java/hardware/arduino/avr/variants/eightanaloginputs" -I"/Users/juliosugaya/Arduino 1.6.app/Contents/Java/hardware/arduino/avr/libraries/SoftwareSerial" -MMD -MP -MF"arduino/Stream.cpp.d" -MT"arduino/Stream.cpp.o" -D__IN_ECLIPSE__=1 -x c++ "/Users/juliosugaya/Arduino 1.6.app/Contents/Java/hardware/arduino/avr/cores/arduino/Stream.cpp"  -o  "arduino/Stream.cpp.o"   -Wall
Finished building: /Users/juliosugaya/Arduino 1.6.app/Contents/Java/hardware/arduino/avr/cores/arduino/Stream.cpp
 
Building file: /Users/juliosugaya/Arduino 1.6.app/Contents/Java/hardware/arduino/avr/cores/arduino/Tone.cpp
Starting C++ compile
"/Users/juliosugaya/Arduino 1.6.app/Contents/Java/hardware/tools/avr/bin/avr-g++" -c -g -Os -fno-exceptions -ffunction-sections -fdata-sections -MMD -mmcu=atmega328p -DF_CPU=16000000L -DARDUINO=10605 -DARDUINO_AVR_NANO -DARDUINO_ARCH_AVR     -I"/Users/juliosugaya/Arduino 1.6.app/Contents/Java/hardware/arduino/avr/cores/arduino" -I"/Users/juliosugaya/Arduino 1.6.app/Contents/Java/hardware/arduino/avr/variants/eightanaloginputs" -I"/Users/juliosugaya/Arduino 1.6.app/Contents/Java/hardware/arduino/avr/libraries/SoftwareSerial" -MMD -MP -MF"arduino/Tone.cpp.d" -MT"arduino/Tone.cpp.o" -D__IN_ECLIPSE__=1 -x c++ "/Users/juliosugaya/Arduino 1.6.app/Contents/Java/hardware/arduino/avr/cores/arduino/Tone.cpp"  -o  "arduino/Tone.cpp.o"   -Wall
Finished building: /Users/juliosugaya/Arduino 1.6.app/Contents/Java/hardware/arduino/avr/cores/arduino/Tone.cpp
 
Building file: /Users/juliosugaya/Arduino 1.6.app/Contents/Java/hardware/arduino/avr/cores/arduino/USBCore.cpp
Starting C++ compile
"/Users/juliosugaya/Arduino 1.6.app/Contents/Java/hardware/tools/avr/bin/avr-g++" -c -g -Os -fno-exceptions -ffunction-sections -fdata-sections -MMD -mmcu=atmega328p -DF_CPU=16000000L -DARDUINO=10605 -DARDUINO_AVR_NANO -DARDUINO_ARCH_AVR     -I"/Users/juliosugaya/Arduino 1.6.app/Contents/Java/hardware/arduino/avr/cores/arduino" -I"/Users/juliosugaya/Arduino 1.6.app/Contents/Java/hardware/arduino/avr/variants/eightanaloginputs" -I"/Users/juliosugaya/Arduino 1.6.app/Contents/Java/hardware/arduino/avr/libraries/SoftwareSerial" -MMD -MP -MF"arduino/USBCore.cpp.d" -MT"arduino/USBCore.cpp.o" -D__IN_ECLIPSE__=1 -x c++ "/Users/juliosugaya/Arduino 1.6.app/Contents/Java/hardware/arduino/avr/cores/arduino/USBCore.cpp"  -o  "arduino/USBCore.cpp.o"   -Wall
Finished building: /Users/juliosugaya/Arduino 1.6.app/Contents/Java/hardware/arduino/avr/cores/arduino/USBCore.cpp
 
Building file: /Users/juliosugaya/Arduino 1.6.app/Contents/Java/hardware/arduino/avr/cores/arduino/WInterrupts.c
Starting C compile
"/Users/juliosugaya/Arduino 1.6.app/Contents/Java/hardware/tools/avr/bin/avr-gcc" -c -g -Os -ffunction-sections -fdata-sections -MMD -mmcu=atmega328p -DF_CPU=16000000L -DARDUINO=10605 -DARDUINO_AVR_NANO -DARDUINO_ARCH_AVR     -I"/Users/juliosugaya/Arduino 1.6.app/Contents/Java/hardware/arduino/avr/cores/arduino" -I"/Users/juliosugaya/Arduino 1.6.app/Contents/Java/hardware/arduino/avr/variants/eightanaloginputs" -I"/Users/juliosugaya/Arduino 1.6.app/Contents/Java/hardware/arduino/avr/libraries/SoftwareSerial" -MMD -MP -MF"arduino/WInterrupts.c.d" -MT"arduino/WInterrupts.c.o" -D__IN_ECLIPSE__=1 "/Users/juliosugaya/Arduino 1.6.app/Contents/Java/hardware/arduino/avr/cores/arduino/WInterrupts.c"  -o  "arduino/WInterrupts.c.o"   -Wall
Finished building: /Users/juliosugaya/Arduino 1.6.app/Contents/Java/hardware/arduino/avr/cores/arduino/WInterrupts.c
 
Building file: /Users/juliosugaya/Arduino 1.6.app/Contents/Java/hardware/arduino/avr/cores/arduino/WMath.cpp
Starting C++ compile
"/Users/juliosugaya/Arduino 1.6.app/Contents/Java/hardware/tools/avr/bin/avr-g++" -c -g -Os -fno-exceptions -ffunction-sections -fdata-sections -MMD -mmcu=atmega328p -DF_CPU=16000000L -DARDUINO=10605 -DARDUINO_AVR_NANO -DARDUINO_ARCH_AVR     -I"/Users/juliosugaya/Arduino 1.6.app/Contents/Java/hardware/arduino/avr/cores/arduino" -I"/Users/juliosugaya/Arduino 1.6.app/Contents/Java/hardware/arduino/avr/variants/eightanaloginputs" -I"/Users/juliosugaya/Arduino 1.6.app/Contents/Java/hardware/arduino/avr/libraries/SoftwareSerial" -MMD -MP -MF"arduino/WMath.cpp.d" -MT"arduino/WMath.cpp.o" -D__IN_ECLIPSE__=1 -x c++ "/Users/juliosugaya/Arduino 1.6.app/Contents/Java/hardware/arduino/avr/cores/arduino/WMath.cpp"  -o  "arduino/WMath.cpp.o"   -Wall
Finished building: /Users/juliosugaya/Arduino 1.6.app/Contents/Java/hardware/arduino/avr/cores/arduino/WMath.cpp
 
Building file: /Users/juliosugaya/Arduino 1.6.app/Contents/Java/hardware/arduino/avr/cores/arduino/WString.cpp
Starting C++ compile
"/Users/juliosugaya/Arduino 1.6.app/Contents/Java/hardware/tools/avr/bin/avr-g++" -c -g -Os -fno-exceptions -ffunction-sections -fdata-sections -MMD -mmcu=atmega328p -DF_CPU=16000000L -DARDUINO=10605 -DARDUINO_AVR_NANO -DARDUINO_ARCH_AVR     -I"/Users/juliosugaya/Arduino 1.6.app/Contents/Java/hardware/arduino/avr/cores/arduino" -I"/Users/juliosugaya/Arduino 1.6.app/Contents/Java/hardware/arduino/avr/variants/eightanaloginputs" -I"/Users/juliosugaya/Arduino 1.6.app/Contents/Java/hardware/arduino/avr/libraries/SoftwareSerial" -MMD -MP -MF"arduino/WString.cpp.d" -MT"arduino/WString.cpp.o" -D__IN_ECLIPSE__=1 -x c++ "/Users/juliosugaya/Arduino 1.6.app/Contents/Java/hardware/arduino/avr/cores/arduino/WString.cpp"  -o  "arduino/WString.cpp.o"   -Wall
Finished building: /Users/juliosugaya/Arduino 1.6.app/Contents/Java/hardware/arduino/avr/cores/arduino/WString.cpp
 
Building file: /Users/juliosugaya/Arduino 1.6.app/Contents/Java/hardware/arduino/avr/cores/arduino/abi.cpp
Starting C++ compile
"/Users/juliosugaya/Arduino 1.6.app/Contents/Java/hardware/tools/avr/bin/avr-g++" -c -g -Os -fno-exceptions -ffunction-sections -fdata-sections -MMD -mmcu=atmega328p -DF_CPU=16000000L -DARDUINO=10605 -DARDUINO_AVR_NANO -DARDUINO_ARCH_AVR     -I"/Users/juliosugaya/Arduino 1.6.app/Contents/Java/hardware/arduino/avr/cores/arduino" -I"/Users/juliosugaya/Arduino 1.6.app/Contents/Java/hardware/arduino/avr/variants/eightanaloginputs" -I"/Users/juliosugaya/Arduino 1.6.app/Contents/Java/hardware/arduino/avr/libraries/SoftwareSerial" -MMD -MP -MF"arduino/abi.cpp.d" -MT"arduino/abi.cpp.o" -D__IN_ECLIPSE__=1 -x c++ "/Users/juliosugaya/Arduino 1.6.app/Contents/Java/hardware/arduino/avr/cores/arduino/abi.cpp"  -o  "arduino/abi.cpp.o"   -Wall
Finished building: /Users/juliosugaya/Arduino 1.6.app/Contents/Java/hardware/arduino/avr/cores/arduino/abi.cpp
 
Building file: /Users/juliosugaya/Arduino 1.6.app/Contents/Java/hardware/arduino/avr/cores/arduino/hooks.c
Starting C compile
"/Users/juliosugaya/Arduino 1.6.app/Contents/Java/hardware/tools/avr/bin/avr-gcc" -c -g -Os -ffunction-sections -fdata-sections -MMD -mmcu=atmega328p -DF_CPU=16000000L -DARDUINO=10605 -DARDUINO_AVR_NANO -DARDUINO_ARCH_AVR     -I"/Users/juliosugaya/Arduino 1.6.app/Contents/Java/hardware/arduino/avr/cores/arduino" -I"/Users/juliosugaya/Arduino 1.6.app/Contents/Java/hardware/arduino/avr/variants/eightanaloginputs" -I"/Users/juliosugaya/Arduino 1.6.app/Contents/Java/hardware/arduino/avr/libraries/SoftwareSerial" -MMD -MP -MF"arduino/hooks.c.d" -MT"arduino/hooks.c.o" -D__IN_ECLIPSE__=1 "/Users/juliosugaya/Arduino 1.6.app/Contents/Java/hardware/arduino/avr/cores/arduino/hooks.c"  -o  "arduino/hooks.c.o"   -Wall
Finished building: /Users/juliosugaya/Arduino 1.6.app/Contents/Java/hardware/arduino/avr/cores/arduino/hooks.c
 
Building file: /Users/juliosugaya/Arduino 1.6.app/Contents/Java/hardware/arduino/avr/cores/arduino/main.cpp
Starting C++ compile
"/Users/juliosugaya/Arduino 1.6.app/Contents/Java/hardware/tools/avr/bin/avr-g++" -c -g -Os -fno-exceptions -ffunction-sections -fdata-sections -MMD -mmcu=atmega328p -DF_CPU=16000000L -DARDUINO=10605 -DARDUINO_AVR_NANO -DARDUINO_ARCH_AVR     -I"/Users/juliosugaya/Arduino 1.6.app/Contents/Java/hardware/arduino/avr/cores/arduino" -I"/Users/juliosugaya/Arduino 1.6.app/Contents/Java/hardware/arduino/avr/variants/eightanaloginputs" -I"/Users/juliosugaya/Arduino 1.6.app/Contents/Java/hardware/arduino/avr/libraries/SoftwareSerial" -MMD -MP -MF"arduino/main.cpp.d" -MT"arduino/main.cpp.o" -D__IN_ECLIPSE__=1 -x c++ "/Users/juliosugaya/Arduino 1.6.app/Contents/Java/hardware/arduino/avr/cores/arduino/main.cpp"  -o  "arduino/main.cpp.o"   -Wall
Finished building: /Users/juliosugaya/Arduino 1.6.app/Contents/Java/hardware/arduino/avr/cores/arduino/main.cpp
 
Building file: /Users/juliosugaya/Arduino 1.6.app/Contents/Java/hardware/arduino/avr/cores/arduino/new.cpp
Starting C++ compile
"/Users/juliosugaya/Arduino 1.6.app/Contents/Java/hardware/tools/avr/bin/avr-g++" -c -g -Os -fno-exceptions -ffunction-sections -fdata-sections -MMD -mmcu=atmega328p -DF_CPU=16000000L -DARDUINO=10605 -DARDUINO_AVR_NANO -DARDUINO_ARCH_AVR     -I"/Users/juliosugaya/Arduino 1.6.app/Contents/Java/hardware/arduino/avr/cores/arduino" -I"/Users/juliosugaya/Arduino 1.6.app/Contents/Java/hardware/arduino/avr/variants/eightanaloginputs" -I"/Users/juliosugaya/Arduino 1.6.app/Contents/Java/hardware/arduino/avr/libraries/SoftwareSerial" -MMD -MP -MF"arduino/new.cpp.d" -MT"arduino/new.cpp.o" -D__IN_ECLIPSE__=1 -x c++ "/Users/juliosugaya/Arduino 1.6.app/Contents/Java/hardware/arduino/avr/cores/arduino/new.cpp"  -o  "arduino/new.cpp.o"   -Wall
Finished building: /Users/juliosugaya/Arduino 1.6.app/Contents/Java/hardware/arduino/avr/cores/arduino/new.cpp
 
Building file: /Users/juliosugaya/Arduino 1.6.app/Contents/Java/hardware/arduino/avr/cores/arduino/wiring.c
Starting C compile
"/Users/juliosugaya/Arduino 1.6.app/Contents/Java/hardware/tools/avr/bin/avr-gcc" -c -g -Os -ffunction-sections -fdata-sections -MMD -mmcu=atmega328p -DF_CPU=16000000L -DARDUINO=10605 -DARDUINO_AVR_NANO -DARDUINO_ARCH_AVR     -I"/Users/juliosugaya/Arduino 1.6.app/Contents/Java/hardware/arduino/avr/cores/arduino" -I"/Users/juliosugaya/Arduino 1.6.app/Contents/Java/hardware/arduino/avr/variants/eightanaloginputs" -I"/Users/juliosugaya/Arduino 1.6.app/Contents/Java/hardware/arduino/avr/libraries/SoftwareSerial" -MMD -MP -MF"arduino/wiring.c.d" -MT"arduino/wiring.c.o" -D__IN_ECLIPSE__=1 "/Users/juliosugaya/Arduino 1.6.app/Contents/Java/hardware/arduino/avr/cores/arduino/wiring.c"  -o  "arduino/wiring.c.o"   -Wall
Finished building: /Users/juliosugaya/Arduino 1.6.app/Contents/Java/hardware/arduino/avr/cores/arduino/wiring.c
 
Building file: /Users/juliosugaya/Arduino 1.6.app/Contents/Java/hardware/arduino/avr/cores/arduino/wiring_analog.c
Starting C compile
"/Users/juliosugaya/Arduino 1.6.app/Contents/Java/hardware/tools/avr/bin/avr-gcc" -c -g -Os -ffunction-sections -fdata-sections -MMD -mmcu=atmega328p -DF_CPU=16000000L -DARDUINO=10605 -DARDUINO_AVR_NANO -DARDUINO_ARCH_AVR     -I"/Users/juliosugaya/Arduino 1.6.app/Contents/Java/hardware/arduino/avr/cores/arduino" -I"/Users/juliosugaya/Arduino 1.6.app/Contents/Java/hardware/arduino/avr/variants/eightanaloginputs" -I"/Users/juliosugaya/Arduino 1.6.app/Contents/Java/hardware/arduino/avr/libraries/SoftwareSerial" -MMD -MP -MF"arduino/wiring_analog.c.d" -MT"arduino/wiring_analog.c.o" -D__IN_ECLIPSE__=1 "/Users/juliosugaya/Arduino 1.6.app/Contents/Java/hardware/arduino/avr/cores/arduino/wiring_analog.c"  -o  "arduino/wiring_analog.c.o"   -Wall
Finished building: /Users/juliosugaya/Arduino 1.6.app/Contents/Java/hardware/arduino/avr/cores/arduino/wiring_analog.c
 
Building file: /Users/juliosugaya/Arduino 1.6.app/Contents/Java/hardware/arduino/avr/cores/arduino/wiring_digital.c
Starting C compile
"/Users/juliosugaya/Arduino 1.6.app/Contents/Java/hardware/tools/avr/bin/avr-gcc" -c -g -Os -ffunction-sections -fdata-sections -MMD -mmcu=atmega328p -DF_CPU=16000000L -DARDUINO=10605 -DARDUINO_AVR_NANO -DARDUINO_ARCH_AVR     -I"/Users/juliosugaya/Arduino 1.6.app/Contents/Java/hardware/arduino/avr/cores/arduino" -I"/Users/juliosugaya/Arduino 1.6.app/Contents/Java/hardware/arduino/avr/variants/eightanaloginputs" -I"/Users/juliosugaya/Arduino 1.6.app/Contents/Java/hardware/arduino/avr/libraries/SoftwareSerial" -MMD -MP -MF"arduino/wiring_digital.c.d" -MT"arduino/wiring_digital.c.o" -D__IN_ECLIPSE__=1 "/Users/juliosugaya/Arduino 1.6.app/Contents/Java/hardware/arduino/avr/cores/arduino/wiring_digital.c"  -o  "arduino/wiring_digital.c.o"   -Wall
Finished building: /Users/juliosugaya/Arduino 1.6.app/Contents/Java/hardware/arduino/avr/cores/arduino/wiring_digital.c
 
Building file: /Users/juliosugaya/Arduino 1.6.app/Contents/Java/hardware/arduino/avr/cores/arduino/wiring_pulse.S
Starting S compile
"/Users/juliosugaya/Arduino 1.6.app/Contents/Java/hardware/tools/avr/bin/avr-gcc" -c -g -x assembler-with-cpp -mmcu=atmega328p -DF_CPU=16000000L -DARDUINO=10605 -DARDUINO_AVR_NANO -DARDUINO_ARCH_AVR     -MMD -MP -MF"arduino/wiring_pulse.S.d" -MT"arduino/wiring_pulse.S.o" -D__IN_ECLIPSE__=1 "/Users/juliosugaya/Arduino 1.6.app/Contents/Java/hardware/arduino/avr/cores/arduino/wiring_pulse.S"  -o  "arduino/wiring_pulse.S.o"   -Wall
Finished building: /Users/juliosugaya/Arduino 1.6.app/Contents/Java/hardware/arduino/avr/cores/arduino/wiring_pulse.S
 
Building file: /Users/juliosugaya/Arduino 1.6.app/Contents/Java/hardware/arduino/avr/cores/arduino/wiring_pulse.c
Starting C compile
"/Users/juliosugaya/Arduino 1.6.app/Contents/Java/hardware/tools/avr/bin/avr-gcc" -c -g -Os -ffunction-sections -fdata-sections -MMD -mmcu=atmega328p -DF_CPU=16000000L -DARDUINO=10605 -DARDUINO_AVR_NANO -DARDUINO_ARCH_AVR     -I"/Users/juliosugaya/Arduino 1.6.app/Contents/Java/hardware/arduino/avr/cores/arduino" -I"/Users/juliosugaya/Arduino 1.6.app/Contents/Java/hardware/arduino/avr/variants/eightanaloginputs" -I"/Users/juliosugaya/Arduino 1.6.app/Contents/Java/hardware/arduino/avr/libraries/SoftwareSerial" -MMD -MP -MF"arduino/wiring_pulse.c.d" -MT"arduino/wiring_pulse.c.o" -D__IN_ECLIPSE__=1 "/Users/juliosugaya/Arduino 1.6.app/Contents/Java/hardware/arduino/avr/cores/arduino/wiring_pulse.c"  -o  "arduino/wiring_pulse.c.o"   -Wall
Finished building: /Users/juliosugaya/Arduino 1.6.app/Contents/Java/hardware/arduino/avr/cores/arduino/wiring_pulse.c
 
Building file: /Users/juliosugaya/Arduino 1.6.app/Contents/Java/hardware/arduino/avr/cores/arduino/wiring_shift.c
Starting C compile
"/Users/juliosugaya/Arduino 1.6.app/Contents/Java/hardware/tools/avr/bin/avr-gcc" -c -g -Os -ffunction-sections -fdata-sections -MMD -mmcu=atmega328p -DF_CPU=16000000L -DARDUINO=10605 -DARDUINO_AVR_NANO -DARDUINO_ARCH_AVR     -I"/Users/juliosugaya/Arduino 1.6.app/Contents/Java/hardware/arduino/avr/cores/arduino" -I"/Users/juliosugaya/Arduino 1.6.app/Contents/Java/hardware/arduino/avr/variants/eightanaloginputs" -I"/Users/juliosugaya/Arduino 1.6.app/Contents/Java/hardware/arduino/avr/libraries/SoftwareSerial" -MMD -MP -MF"arduino/wiring_shift.c.d" -MT"arduino/wiring_shift.c.o" -D__IN_ECLIPSE__=1 "/Users/juliosugaya/Arduino 1.6.app/Contents/Java/hardware/arduino/avr/cores/arduino/wiring_shift.c"  -o  "arduino/wiring_shift.c.o"   -Wall
Finished building: /Users/juliosugaya/Arduino 1.6.app/Contents/Java/hardware/arduino/avr/cores/arduino/wiring_shift.c
 
Starting archiver
"/Users/juliosugaya/Arduino 1.6.app/Contents/Java/hardware/tools/avr/bin/avr-ar" rcs  "/Users/juliosugaya/_projects_ccp/BOTLib/Release/arduino.ar"    ./arduino/CDC.cpp.o ./arduino/HID.cpp.o ./arduino/HardwareSerial.cpp.o ./arduino/HardwareSerial0.cpp.o ./arduino/HardwareSerial1.cpp.o ./arduino/HardwareSerial2.cpp.o ./arduino/HardwareSerial3.cpp.o ./arduino/IPAddress.cpp.o ./arduino/Print.cpp.o ./arduino/Stream.cpp.o ./arduino/Tone.cpp.o ./arduino/USBCore.cpp.o ./arduino/WInterrupts.c.o ./arduino/WMath.cpp.o ./arduino/WString.cpp.o ./arduino/abi.cpp.o ./arduino/hooks.c.o ./arduino/main.cpp.o ./arduino/new.cpp.o ./arduino/wiring.c.o ./arduino/wiring_analog.c.o ./arduino/wiring_digital.c.o ./arduino/wiring_pulse.S.o ./arduino/wiring_pulse.c.o ./arduino/wiring_shift.c.o 
Finished building: arduino.ar
 
Starting combiner
"/Users/juliosugaya/Arduino 1.6.app/Contents/Java/hardware/tools/avr/bin/avr-gcc" -Os -Wl,--gc-sections -mmcu=atmega328p  -o "/Users/juliosugaya/_projects_ccp/BOTLib/Release/BOTLib.elf"    ./BOTLib.cpp.o ./BlueTooth.cpp.o ./Button.cpp.o ./Debug.cpp.o ./LED.cpp.o ./Motor.cpp.o  ./Libraries/SoftwareSerial/SoftwareSerial.cpp.o   arduino.ar   "/Users/juliosugaya/_projects_ccp/BOTLib/Release/arduino.ar" "-L/Users/juliosugaya/_projects_ccp/BOTLib/Release" -lm
Finished building: BOTLib.elf
 
Create eeprom image
"/Users/juliosugaya/Arduino 1.6.app/Contents/Java/hardware/tools/avr/bin/avr-objcopy" -O ihex -j .eeprom --set-section-flags=.eeprom=alloc,load --no-change-warnings --change-section-lma .eeprom=0  "/Users/juliosugaya/_projects_ccp/BOTLib/Release/BOTLib.elf" "/Users/juliosugaya/_projects_ccp/BOTLib/Release/BOTLib.eep"
Finished building: BOTLib.eep
 
Create Flash image (ihex format)
"/Users/juliosugaya/Arduino 1.6.app/Contents/Java/hardware/tools/avr/bin/avr-objcopy" -O ihex -R .eeprom  "/Users/juliosugaya/_projects_ccp/BOTLib/Release/BOTLib.elf" "/Users/juliosugaya/_projects_ccp/BOTLib/Release/BOTLib.hex"
Finished building: BOTLib.hex
 
Building target: BOTLib
Printing size:
"/Users/juliosugaya/Arduino 1.6.app/Contents/Java/hardware/tools/avr/bin/avr-size" -A "/Users/juliosugaya/_projects_ccp/BOTLib/Release/BOTLib.elf"
/Users/juliosugaya/_projects_ccp/BOTLib/Release/BOTLib.elf  :
section            size      addr
.data                74   8388864
.text              4152         0
.bss                318   8388938
.comment             17         0
.debug_aranges     2008         0
.debug_info       71885         0
.debug_abbrev     10842         0
.debug_line       13010         0
.debug_frame       6472         0
.debug_str         9997         0
.debug_loc        38325         0
.debug_ranges      2224         0
Total            159324


Finished building target: BOTLib
 
16:35:36 **** Build of configuration Release for project BOTLib ****
make all 
Building target: BOTLib
Printing size:
"/Users/juliosugaya/Arduino 1.6.app/Contents/Java/hardware/tools/avr/bin/avr-size" -A "/Users/juliosugaya/_projects_ccp/BOTLib/Release/BOTLib.elf"
/Users/juliosugaya/_projects_ccp/BOTLib/Release/BOTLib.elf  :
section            size      addr
.data                74   8388864
.text              4152         0
.bss                318   8388938
.comment             17         0
.debug_aranges     2008         0
.debug_info       71885         0
.debug_abbrev     10842         0
.debug_line       13010         0
.debug_frame       6472         0
.debug_str         9997         0
.debug_loc        38325         0
.debug_ranges      2224         0
Total            159324


Finished building target: BOTLib
 
12:19:43 **** Build of configuration Release for project BOTLib ****
make all 
Building target: BOTLib
Printing size:
"/Users/juliosugaya/Arduino 1.6.app/Contents/Java/hardware/tools/avr/bin/avr-size" -A "/Users/juliosugaya/_projects_ccp/BOTLib/Release/BOTLib.elf"
/Users/juliosugaya/_projects_ccp/BOTLib/Release/BOTLib.elf  :
section            size      addr
.data                74   8388864
.text              4152         0
.bss                318   8388938
.comment             17         0
.debug_aranges     2008         0
.debug_info       71885         0
.debug_abbrev     10842         0
.debug_line       13010         0
.debug_frame       6472         0
.debug_str         9997         0
.debug_loc        38325         0
.debug_ranges      2224         0
Total            159324


Finished building target: BOTLib
 
